<?xml version="1.0" encoding="UTF-8"?>
<TestRun id="dc18d0af-1ad3-4497-9c57-ad8090328c07" name="david.weaver@DAVIDWEAVER02 2011-03-30 13:37:28" runUser="davidweaver02\david.weaver" xmlns="http://microsoft.com/schemas/VisualStudio/TeamTest/2010">
  <TestSettings name="Local" id="b6106732-363e-4586-9cac-afe21d15a702">
    <Description>These are default test settings for a local test run.</Description>
    <Deployment userDeploymentRoot="D:\Working\Loggr\src\tools\agents\loggr-dotnet\TestResults" useDefaultDeploymentRoot="false" enabled="false" runDeploymentRoot="david.weaver_DAVIDWEAVER02 2011-03-30 13_37_28">
      <DeploymentItem filename="D:\Working\Loggr\src\tools\agents\loggr-dotnet\loggr-dotnet\bin\Debug\loggr-dotnet.dll" />
    </Deployment>
    <Execution>
      <TestTypeSpecific />
      <AgentRule name="Execution Agents">
      </AgentRule>
    </Execution>
  </TestSettings>
  <Times creation="2011-03-30T13:37:28.6874676-04:00" queuing="2011-03-30T13:37:30.1985541-04:00" start="2011-03-30T13:37:30.3155608-04:00" finish="2011-03-30T13:38:14.0170603-04:00" />
  <ResultSummary outcome="Completed">
    <Counters total="1" executed="1" passed="1" error="0" failed="0" timeout="0" aborted="0" inconclusive="0" passedButRunAborted="0" notRunnable="0" notExecuted="0" disconnected="0" warning="0" completed="0" inProgress="0" pending="0" />
  </ResultSummary>
  <TestDefinitions>
    <UnitTest name="Inheritance_Base" storage="d:\working\loggr\src\tools\agents\loggr-dotnet\tests\bin\debug\tests.dll" id="c45617f1-db0a-92f8-b074-31907302d8fc">
      <Execution id="4a485942-9c30-4414-8ee3-4a0500169128" />
      <TestMethod codeBase="D:/Working/Loggr/src/tools/agents/loggr-dotnet/tests/bin/Debug/tests.DLL" adapterTypeName="Microsoft.VisualStudio.TestTools.TestTypes.Unit.UnitTestAdapter, Microsoft.VisualStudio.QualityTools.Tips.UnitTest.Adapter, Version=10.0.0.0, Culture=neutral, PublicKeyToken=b03f5f7f11d50a3a" className="tests.Inheritance, tests, Version=1.0.0.0, Culture=neutral, PublicKeyToken=null" name="Inheritance_Base" />
    </UnitTest>
  </TestDefinitions>
  <TestLists>
    <TestList name="Results Not in a List" id="8c84fa94-04c1-424b-9868-57a2d4851a1d" />
    <TestList name="All Loaded Results" id="19431567-8539-422a-85d7-44ee4e166bda" />
  </TestLists>
  <TestEntries>
    <TestEntry testId="c45617f1-db0a-92f8-b074-31907302d8fc" executionId="4a485942-9c30-4414-8ee3-4a0500169128" testListId="8c84fa94-04c1-424b-9868-57a2d4851a1d" />
  </TestEntries>
  <Results>
    <UnitTestResult executionId="4a485942-9c30-4414-8ee3-4a0500169128" testId="c45617f1-db0a-92f8-b074-31907302d8fc" testName="Inheritance_Base" computerName="DAVIDWEAVER02" duration="00:00:42.2195204" startTime="2011-03-30T13:37:30.4255670-04:00" endTime="2011-03-30T13:38:13.9300554-04:00" testType="13cdc9d9-ddb5-4fa4-a97d-d965ccfc6d4b" outcome="Passed" testListId="8c84fa94-04c1-424b-9868-57a2d4851a1d" relativeResultsDirectory="4a485942-9c30-4414-8ee3-4a0500169128">
    </UnitTestResult>
  </Results>
</TestRun>