<?xml version="1.0" encoding="UTF-8"?>
<TestRun id="add0f916-35f1-4c8d-98c4-25a185a021d1" name="david.weaver@DAVIDWEAVER02 2011-03-30 13:39:01" runUser="davidweaver02\david.weaver" xmlns="http://microsoft.com/schemas/VisualStudio/TeamTest/2010">
  <TestSettings name="Local" id="b6106732-363e-4586-9cac-afe21d15a702">
    <Description>These are default test settings for a local test run.</Description>
    <Deployment enabled="false" runDeploymentRoot="david.weaver_DAVIDWEAVER02 2011-03-30 13_39_01">
      <DeploymentItem filename="D:\Working\Loggr\src\tools\agents\loggr-dotnet\loggr-dotnet\bin\Debug\loggr-dotnet.dll" />
    </Deployment>
    <Execution>
      <TestTypeSpecific />
      <AgentRule name="Execution Agents">
      </AgentRule>
    </Execution>
  </TestSettings>
  <Times creation="2011-03-30T13:39:01.1047536-04:00" queuing="2011-03-30T13:39:02.5878384-04:00" start="2011-03-30T13:39:02.7558480-04:00" finish="2011-03-30T13:39:55.7268778-04:00" />
  <ResultSummary outcome="Error">
    <Counters total="1" executed="1" error="0" failed="0" timeout="0" aborted="1" inconclusive="0" passedButRunAborted="0" notRunnable="0" notExecuted="0" disconnected="0" warning="0" passed="0" completed="0" inProgress="0" pending="0" />
    <RunInfos>
      <RunInfo computerName="DAVIDWEAVER02" outcome="Error" timestamp="2011-03-30T13:39:55.7258777-04:00">
        <Text>Test host process exited unexpectedly.</Text>
      </RunInfo>
    </RunInfos>
  </ResultSummary>
  <TestDefinitions>
    <UnitTest name="Inheritance_Override" storage="d:\working\loggr\src\tools\agents\loggr-dotnet\tests\bin\debug\tests.dll" id="5b16750a-e007-1d7b-d9c7-1178d175b1d9">
      <Execution id="e6167875-2e75-4035-8a60-3d79a9f4dd58" />
      <TestMethod codeBase="D:/Working/Loggr/src/tools/agents/loggr-dotnet/tests/bin/Debug/tests.DLL" adapterTypeName="Microsoft.VisualStudio.TestTools.TestTypes.Unit.UnitTestAdapter, Microsoft.VisualStudio.QualityTools.Tips.UnitTest.Adapter, Version=10.0.0.0, Culture=neutral, PublicKeyToken=b03f5f7f11d50a3a" className="tests.Inheritance, tests, Version=1.0.0.0, Culture=neutral, PublicKeyToken=null" name="Inheritance_Override" />
    </UnitTest>
  </TestDefinitions>
  <TestLists>
    <TestList name="Results Not in a List" id="8c84fa94-04c1-424b-9868-57a2d4851a1d" />
    <TestList name="All Loaded Results" id="19431567-8539-422a-85d7-44ee4e166bda" />
  </TestLists>
  <TestEntries>
    <TestEntry testId="5b16750a-e007-1d7b-d9c7-1178d175b1d9" executionId="e6167875-2e75-4035-8a60-3d79a9f4dd58" testListId="8c84fa94-04c1-424b-9868-57a2d4851a1d" />
  </TestEntries>
  <Results>
    <UnitTestResult executionId="e6167875-2e75-4035-8a60-3d79a9f4dd58" testId="5b16750a-e007-1d7b-d9c7-1178d175b1d9" testName="Inheritance_Override" computerName="DAVIDWEAVER02" duration="00:00:52.8220212" startTime="2011-03-30T13:39:02.9048566-04:00" endTime="2011-03-30T13:39:55.7268778-04:00" testType="13cdc9d9-ddb5-4fa4-a97d-d965ccfc6d4b" outcome="Aborted" testListId="8c84fa94-04c1-424b-9868-57a2d4851a1d" relativeResultsDirectory="e6167875-2e75-4035-8a60-3d79a9f4dd58">
    </UnitTestResult>
  </Results>
</TestRun>