<?xml version="1.0" encoding="UTF-8"?>
<TestRun id="e924db98-e6ac-40c0-8e80-97b0cf01c3a9" name="david.weaver@DAVIDWEAVER02 2011-03-30 13:42:38" runUser="davidweaver02\david.weaver" xmlns="http://microsoft.com/schemas/VisualStudio/TeamTest/2010">
  <TestSettings name="Local" id="b6106732-363e-4586-9cac-afe21d15a702">
    <Description>These are default test settings for a local test run.</Description>
    <Deployment userDeploymentRoot="D:\Working\Loggr\src\tools\agents\loggr-dotnet\TestResults" useDefaultDeploymentRoot="false" enabled="false" runDeploymentRoot="david.weaver_DAVIDWEAVER02 2011-03-30 13_42_38">
      <DeploymentItem filename="D:\Working\Loggr\src\tools\agents\loggr-dotnet\loggr-dotnet\bin\Debug\loggr-dotnet.dll" />
    </Deployment>
    <Execution>
      <TestTypeSpecific />
      <AgentRule name="Execution Agents">
      </AgentRule>
    </Execution>
  </TestSettings>
  <Times creation="2011-03-30T13:42:38.6711977-04:00" queuing="2011-03-30T13:42:40.0162746-04:00" start="2011-03-30T13:42:40.1782839-04:00" finish="2011-03-30T13:43:22.7607195-04:00" />
  <ResultSummary outcome="Failed">
    <Counters total="1" executed="1" error="0" failed="1" timeout="0" aborted="0" inconclusive="0" passedButRunAborted="0" notRunnable="0" notExecuted="0" disconnected="0" warning="0" passed="0" completed="0" inProgress="0" pending="0" />
  </ResultSummary>
  <TestDefinitions>
    <UnitTest name="Inheritance_Override" storage="d:\working\loggr\src\tools\agents\loggr-dotnet\tests\bin\debug\tests.dll" id="5b16750a-e007-1d7b-d9c7-1178d175b1d9">
      <Execution id="db3e7538-f8a1-4775-ac5c-7cb70f08cd34" />
      <TestMethod codeBase="D:/Working/Loggr/src/tools/agents/loggr-dotnet/tests/bin/Debug/tests.DLL" adapterTypeName="Microsoft.VisualStudio.TestTools.TestTypes.Unit.UnitTestAdapter, Microsoft.VisualStudio.QualityTools.Tips.UnitTest.Adapter, Version=10.0.0.0, Culture=neutral, PublicKeyToken=b03f5f7f11d50a3a" className="tests.Inheritance, tests, Version=1.0.0.0, Culture=neutral, PublicKeyToken=null" name="Inheritance_Override" />
    </UnitTest>
  </TestDefinitions>
  <TestLists>
    <TestList name="Results Not in a List" id="8c84fa94-04c1-424b-9868-57a2d4851a1d" />
    <TestList name="All Loaded Results" id="19431567-8539-422a-85d7-44ee4e166bda" />
  </TestLists>
  <TestEntries>
    <TestEntry testId="5b16750a-e007-1d7b-d9c7-1178d175b1d9" executionId="db3e7538-f8a1-4775-ac5c-7cb70f08cd34" testListId="8c84fa94-04c1-424b-9868-57a2d4851a1d" />
  </TestEntries>
  <Results>
    <UnitTestResult executionId="db3e7538-f8a1-4775-ac5c-7cb70f08cd34" testId="5b16750a-e007-1d7b-d9c7-1178d175b1d9" testName="Inheritance_Override" computerName="DAVIDWEAVER02" duration="00:00:41.0608015" startTime="2011-03-30T13:42:40.3262924-04:00" endTime="2011-03-30T13:43:22.6927156-04:00" testType="13cdc9d9-ddb5-4fa4-a97d-d965ccfc6d4b" outcome="Failed" testListId="8c84fa94-04c1-424b-9868-57a2d4851a1d" relativeResultsDirectory="db3e7538-f8a1-4775-ac5c-7cb70f08cd34">
      <Output>
        <ErrorInfo>
          <Message>Assert.AreEqual failed. Expected:&lt;bar&gt;. Actual:&lt;foo&gt;. </Message>
          <StackTrace>   at tests.Inheritance.Inheritance_Override() in D:\Working\Loggr\src\tools\agents\loggr-dotnet\tests\Inheritance.cs:line 33
</StackTrace>
        </ErrorInfo>
      </Output>
    </UnitTestResult>
  </Results>
</TestRun>